<?xml version="1.0" encoding="UTF-8"?>
<!-- Generated by org.testng.reporters.JUnitXMLReporter -->
<testsuite ignored="0" hostname="DESKTOP-HN7CVRU" failures="1" tests="3" name="Surefire test" time="3.393" errors="0" timestamp="2023-08-13T12:03:40 IST">
  <testcase classname="mypack.Test1" name="method1" time="2.01"/>
  <testcase classname="mypack.Test1" name="method2" time="1.197"/>
  <testcase classname="mypack.Test1" name="method3" time="0.127">
    <failure type="java.lang.AssertionError" message="The following asserts failed:
	expected [true] but found [false]">
      <![CDATA[java.lang.AssertionError: The following asserts failed:
expected [true] but found [false]
at mypack.Test1.method3(Test1.java:48)
at java.base/java.util.ArrayList.forEach(ArrayList.java:1541)
... Removed 34 stack frames]]>
    </failure>
  </testcase> <!-- method3 -->
</testsuite> <!-- Surefire test -->
